<?xml version="1.0" encoding="UTF-8"?>
<robot generated="20160418 15:55:38.039" generator="Robot 3.0 (Python 2.7.10 on linux2)">
<suite source="/home/tomas/Testing/TrialDirectCreateTrial/src/test/robotframework/acceptance/TrialDirectCreateTrial.robot" id="s1" name="TrialDirectCreateTrial">
<test id="s1-t1" name="Create New Trial">
<kw name="Open Browser To Trial Creation Page">
<kw name="Set Selenium Speed" library="Selenium2Library">
<doc>Sets the delay in seconds that is waited after each Selenium command.</doc>
<arguments>
<arg>${DELAY}</arg>
</arguments>
<status status="PASS" endtime="20160418 15:55:38.414" starttime="20160418 15:55:38.414"></status>
</kw>
<kw name="Set Selenium Implicit Wait" library="Selenium2Library">
<doc>Sets Selenium 2's default implicit wait in seconds and</doc>
<arguments>
<arg>10</arg>
</arguments>
<status status="PASS" endtime="20160418 15:55:38.414" starttime="20160418 15:55:38.414"></status>
</kw>
<kw name="Open Browser" library="Selenium2Library">
<doc>Opens a new browser instance to given URL.</doc>
<arguments>
<arg>${SERVER}</arg>
<arg>${BROWSER}</arg>
</arguments>
<msg timestamp="20160418 15:55:38.414" level="INFO">Opening browser 'Firefox' to base url 'http://trialdirect-tekenable.rhcloud.com/#/trials'</msg>
<status status="PASS" endtime="20160418 15:55:46.131" starttime="20160418 15:55:38.414"></status>
</kw>
<kw name="Maximize Browser Window" library="Selenium2Library">
<doc>Maximizes current browser window.</doc>
<status status="PASS" endtime="20160418 15:55:47.155" starttime="20160418 15:55:46.132"></status>
</kw>
<status status="PASS" endtime="20160418 15:55:47.156" starttime="20160418 15:55:38.413"></status>
</kw>
<kw name="Create New Cancer Trial">
<kw name="Wait Until Keyword Succeeds" library="BuiltIn">
<doc>Runs the specified keyword and retries if it fails.</doc>
<arguments>
<arg>10secs</arg>
<arg>1sec</arg>
<arg>Page Should Contain Element</arg>
<arg>xpath=html/body/main/div/div/div/div/div[2]/form[1]/div[1]/label/span</arg>
</arguments>
<kw name="Page Should Contain Element" library="Selenium2Library">
<doc>Verifies element identified by `locator` is found on the current page.</doc>
<arguments>
<arg>xpath=html/body/main/div/div/div/div/div[2]/form[1]/div[1]/label/span</arg>
</arguments>
<msg timestamp="20160418 15:55:59.225" level="INFO"></msg>
<kw name="Capture Page Screenshot" library="Selenium2Library">
<doc>Takes a screenshot of the current page and embeds it into the log.</doc>
<msg timestamp="20160418 15:56:00.291" html="yes" level="INFO">&lt;/td&gt;&lt;/tr&gt;&lt;tr&gt;&lt;td colspan="3"&gt;&lt;a href="selenium-screenshot-1.png"&gt;&lt;img src="selenium-screenshot-1.png" width="800px"&gt;&lt;/a&gt;</msg>
<status status="PASS" endtime="20160418 15:56:00.292" starttime="20160418 15:55:59.226"></status>
</kw>
<msg timestamp="20160418 15:56:00.344" level="FAIL">Page should have contained element 'xpath=html/body/main/div/div/div/div/div[2]/form[1]/div[1]/label/span' but did not</msg>
<status status="FAIL" endtime="20160418 15:56:00.344" starttime="20160418 15:55:47.161"></status>
</kw>
<msg timestamp="20160418 15:56:00.344" level="FAIL">Keyword 'Page Should Contain Element' failed after retrying for 10 seconds. The last error was: Page should have contained element 'xpath=html/body/main/div/div/div/div/div[2]/form[1]/div[1]/label/span' but did not</msg>
<status status="FAIL" endtime="20160418 15:56:00.345" starttime="20160418 15:55:47.159"></status>
</kw>
<status status="FAIL" endtime="20160418 15:56:00.345" starttime="20160418 15:55:47.157"></status>
</kw>
<status status="FAIL" endtime="20160418 15:56:00.345" critical="yes" starttime="20160418 15:55:38.413">Keyword 'Page Should Contain Element' failed after retrying for 10 seconds. The last error was: Page should have contained element 'xpath=html/body/main/div/div/div/div/div[2]/form[1]/div[1]/label/span' but did not</status>
</test>
<test id="s1-t2" name="Select Trial Criteria">
<kw name="Select Trial Criteria">
<kw name="Click Link" library="Selenium2Library">
<doc>Clicks a link identified by locator.</doc>
<arguments>
<arg>Lungs Cancer Trial</arg>
</arguments>
<msg timestamp="20160418 15:56:00.347" level="INFO">Clicking link 'Lungs Cancer Trial'.</msg>
<kw name="Capture Page Screenshot" library="Selenium2Library">
<doc>Takes a screenshot of the current page and embeds it into the log.</doc>
<msg timestamp="20160418 15:56:13.519" html="yes" level="INFO">&lt;/td&gt;&lt;/tr&gt;&lt;tr&gt;&lt;td colspan="3"&gt;&lt;a href="selenium-screenshot-2.png"&gt;&lt;img src="selenium-screenshot-2.png" width="800px"&gt;&lt;/a&gt;</msg>
<status status="PASS" endtime="20160418 15:56:13.521" starttime="20160418 15:56:12.380"></status>
</kw>
<msg timestamp="20160418 15:56:13.522" level="FAIL">ValueError: Element locator 'Lungs Cancer Trial' did not match any elements.</msg>
<status status="FAIL" endtime="20160418 15:56:13.522" starttime="20160418 15:56:00.346"></status>
</kw>
<status status="FAIL" endtime="20160418 15:56:13.523" starttime="20160418 15:56:00.346"></status>
</kw>
<status status="FAIL" endtime="20160418 15:56:13.524" critical="yes" starttime="20160418 15:56:00.346">ValueError: Element locator 'Lungs Cancer Trial' did not match any elements.</status>
</test>
<test id="s1-t3" name="Search For Trial">
<kw name="Open Browser To Trial Search Page">
<kw name="Click Link" library="Selenium2Library">
<doc>Clicks a link identified by locator.</doc>
<arguments>
<arg>Trial Search</arg>
</arguments>
<msg timestamp="20160418 15:56:13.531" level="INFO">Clicking link 'Trial Search'.</msg>
<kw name="Capture Page Screenshot" library="Selenium2Library">
<doc>Takes a screenshot of the current page and embeds it into the log.</doc>
<msg timestamp="20160418 15:56:22.363" level="FAIL">error: [Errno 111] Connection refused</msg>
<status status="FAIL" endtime="20160418 15:56:22.363" starttime="20160418 15:56:22.322"></status>
</kw>
<msg timestamp="20160418 15:56:22.364" level="WARN">Keyword 'Capture Page Screenshot' could not be run on failure: error: [Errno 111] Connection refused</msg>
<msg timestamp="20160418 15:56:22.365" level="FAIL">BadStatusLine: ''</msg>
<status status="FAIL" endtime="20160418 15:56:22.365" starttime="20160418 15:56:13.530"></status>
</kw>
<status status="FAIL" endtime="20160418 15:56:22.365" starttime="20160418 15:56:13.529"></status>
</kw>
<kw type="teardown" name="Close Browser" library="Selenium2Library">
<doc>Closes the current browser.</doc>
<status status="PASS" endtime="20160418 15:56:22.380" starttime="20160418 15:56:22.366"></status>
</kw>
<status status="FAIL" endtime="20160418 15:56:22.380" critical="yes" starttime="20160418 15:56:13.527">BadStatusLine: ''</status>
</test>
<status status="FAIL" endtime="20160418 15:56:22.381" starttime="20160418 15:55:38.046"></status>
</suite>
<statistics>
<total>
<stat fail="3" pass="0">Critical Tests</stat>
<stat fail="3" pass="0">All Tests</stat>
</total>
<tag>
</tag>
<suite>
<stat fail="3" id="s1" name="TrialDirectCreateTrial" pass="0">TrialDirectCreateTrial</stat>
</suite>
</statistics>
<errors>
<msg timestamp="20160418 15:56:22.364" level="WARN">Keyword 'Capture Page Screenshot' could not be run on failure: error: [Errno 111] Connection refused</msg>
</errors>
</robot>
